Started by user admin
Obtained Jenkinsfile from git https://github.com/vidd1992/tipti-dev
[Pipeline] Start of Pipeline
[Pipeline] node
Running on Jenkins in /var/jenkins_home/workspace/probar
[Pipeline] {
[Pipeline] stage
[Pipeline] { (Declarative: Checkout SCM)
[Pipeline] checkout
Selected Git installation does not exist. Using Default
The recommended git tool is: NONE
No credentials specified
 > git rev-parse --resolve-git-dir /var/jenkins_home/workspace/probar/.git # timeout=10
Fetching changes from the remote Git repository
 > git config remote.origin.url https://github.com/vidd1992/tipti-dev # timeout=10
Fetching upstream changes from https://github.com/vidd1992/tipti-dev
 > git --version # timeout=10
 > git --version # 'git version 2.39.2'
 > git fetch --tags --force --progress -- https://github.com/vidd1992/tipti-dev +refs/heads/*:refs/remotes/origin/* # timeout=10
 > git rev-parse refs/remotes/origin/master^{commit} # timeout=10
Checking out Revision be0bf577556f901f855b83a1b20df5cfab83f865 (refs/remotes/origin/master)
 > git config core.sparsecheckout # timeout=10
 > git checkout -f be0bf577556f901f855b83a1b20df5cfab83f865 # timeout=10
Commit message: "dev-tipti-1"
 > git rev-list --no-walk 2d64e48e71f8c94ee83c8123ae4b7fef7f5a5cd5 # timeout=10
[Pipeline] }
[Pipeline] // stage
[Pipeline] withEnv
[Pipeline] {
[Pipeline] stage
[Pipeline] { (Checkout)
[Pipeline] checkout
Selected Git installation does not exist. Using Default
The recommended git tool is: NONE
No credentials specified
 > git rev-parse --resolve-git-dir /var/jenkins_home/workspace/probar/.git # timeout=10
Fetching changes from the remote Git repository
 > git config remote.origin.url https://github.com/vidd1992/tipti-dev # timeout=10
Fetching upstream changes from https://github.com/vidd1992/tipti-dev
 > git --version # timeout=10
 > git --version # 'git version 2.39.2'
 > git fetch --tags --force --progress -- https://github.com/vidd1992/tipti-dev +refs/heads/*:refs/remotes/origin/* # timeout=10
 > git rev-parse refs/remotes/origin/master^{commit} # timeout=10
Checking out Revision be0bf577556f901f855b83a1b20df5cfab83f865 (refs/remotes/origin/master)
 > git config core.sparsecheckout # timeout=10
 > git checkout -f be0bf577556f901f855b83a1b20df5cfab83f865 # timeout=10
Commit message: "dev-tipti-1"
[Pipeline] }
[Pipeline] // stage
[Pipeline] stage
[Pipeline] { (Build)
[Pipeline] echo
Building...
[Pipeline] sh
+ python3 app.py
[Pipeline] }
[Pipeline] // stage
[Pipeline] stage
[Pipeline] { (Code Analysis)
[Pipeline] echo
Analyzing code...
[Pipeline] script
[Pipeline] {
[Pipeline] tool
[Pipeline] withSonarQubeEnv
Injecting SonarQube environment variables using the configuration: SonarCloud
[Pipeline] {
[Pipeline] sh
+ /var/jenkins_home/tools/hudson.plugins.sonar.SonarRunnerInstallation/sonar/bin/sonar-scanner -Dsonar.projectKey=vidd1992_tipti-dev -Dsonar.organization=vidd1992
INFO: Scanner configuration file: /var/jenkins_home/tools/hudson.plugins.sonar.SonarRunnerInstallation/sonar/conf/sonar-scanner.properties
INFO: Project root configuration file: NONE
INFO: SonarScanner 5.0.1.3006
INFO: Java 17.0.8.1 Eclipse Adoptium (64-bit)
INFO: Linux 5.10.25-linuxkit amd64
INFO: User cache: /var/jenkins_home/.sonar/cache
INFO: Analyzing on SonarCloud
INFO: Default locale: "en", source code encoding: "UTF-8" (analysis is platform dependent)
INFO: Load global settings
INFO: Load global settings (done) | time=1111ms
INFO: Server id: 1BD809FA-AWHW8ct9-T_TB3XqouNu
INFO: User cache: /var/jenkins_home/.sonar/cache
INFO: Loading required plugins
INFO: Load plugins index
INFO: Load plugins index (done) | time=1761ms
INFO: Load/download plugins
INFO: Load/download plugins (done) | time=110ms
INFO: Loaded core extensions: developer-scanner
INFO: Found an active CI vendor: 'Jenkins'
INFO: Load project settings for component key: 'vidd1992_tipti-dev'
INFO: Load project settings for component key: 'vidd1992_tipti-dev' (done) | time=1656ms
INFO: Process project properties
INFO: Execute project builders
INFO: Execute project builders (done) | time=4ms
INFO: Project key: vidd1992_tipti-dev
INFO: Base dir: /var/jenkins_home/workspace/probar
INFO: Working dir: /var/jenkins_home/workspace/probar/.scannerwork
INFO: Load project branches
INFO: Load project branches (done) | time=819ms
INFO: Check ALM binding of project 'vidd1992_tipti-dev'
INFO: Detected project binding: NOT_BOUND
INFO: Check ALM binding of project 'vidd1992_tipti-dev' (done) | time=1206ms
INFO: Load project pull requests
INFO: Load project pull requests (done) | time=887ms
INFO: Load branch configuration
INFO: Load branch configuration (done) | time=4ms
INFO: Load quality profiles
INFO: Load quality profiles (done) | time=1158ms
INFO: Load active rules
INFO: Load active rules (done) | time=21806ms
INFO: Organization key: vidd1992
WARN: The property 'sonar.login' is deprecated and will be removed in the future. Please use the 'sonar.token' property instead when passing a token.
INFO: Preprocessing files...
INFO: 2 languages detected in 7 preprocessed files
INFO: 0 files ignored because of inclusion/exclusion patterns
INFO: 0 files ignored because of scm ignore settings
INFO: Loading plugins for detected languages
INFO: Load/download plugins
INFO: Load/download plugins (done) | time=37ms
INFO: Load project repositories
INFO: Load project repositories (done) | time=989ms
INFO: Indexing files...
INFO: Project configuration:
INFO:   Excluded sources: **/build-wrapper-dump.json
INFO: 7 files indexed
INFO: Quality profile for docker: Sonar way
INFO: Quality profile for py: Sonar way
INFO: ------------- Run sensors on module vidd1992_tipti-dev
INFO: Load metrics repository
INFO: Load metrics repository (done) | time=2423ms
INFO: Sensor cache enabled
INFO: Load sensor cache
INFO: Load sensor cache (597 bytes) | time=3928ms
INFO: Sensor Python Sensor [python]
WARN: Your code is analyzed as compatible with all Python 3 versions by default. You can get a more precise analysis by setting the exact Python version in your configuration via the parameter "sonar.python.version"
INFO: Starting global symbols computation
INFO: 1 source file to be analyzed
INFO: 1/1 source file has been analyzed
INFO: Starting rules execution
INFO: 1 source file to be analyzed
INFO: 1/1 source file has been analyzed
INFO: The Python analyzer was able to leverage cached data from previous analyses for 0 out of 1 files. These files were not parsed.
INFO: Sensor Python Sensor [python] (done) | time=1112ms
INFO: Sensor Cobertura Sensor for Python coverage [python]
INFO: Sensor Cobertura Sensor for Python coverage [python] (done) | time=25ms
INFO: Sensor PythonXUnitSensor [python]
INFO: Sensor PythonXUnitSensor [python] (done) | time=10ms
INFO: Sensor JaCoCo XML Report Importer [jacoco]
INFO: 'sonar.coverage.jacoco.xmlReportPaths' is not defined. Using default locations: target/site/jacoco/jacoco.xml,target/site/jacoco-it/jacoco.xml,build/reports/jacoco/test/jacocoTestReport.xml
INFO: No report imported, no coverage information will be imported by JaCoCo XML Report Importer
INFO: Sensor JaCoCo XML Report Importer [jacoco] (done) | time=4ms
INFO: Sensor CSS Rules [javascript]
INFO: No CSS, PHP, HTML or VueJS files are found in the project. CSS analysis is skipped.
INFO: Sensor CSS Rules [javascript] (done) | time=1ms
INFO: Sensor C# Project Type Information [csharp]
INFO: Sensor C# Project Type Information [csharp] (done) | time=1ms
INFO: Sensor C# Analysis Log [csharp]
INFO: Sensor C# Analysis Log [csharp] (done) | time=24ms
INFO: Sensor C# Properties [csharp]
INFO: Sensor C# Properties [csharp] (done) | time=0ms
INFO: Sensor Python HTML templates processing [securitypythonfrontend]
INFO: Sensor Python HTML templates processing [securitypythonfrontend] (done) | time=9ms
INFO: Sensor TextAndSecretsSensor [text]
INFO: 2 source files to be analyzed
INFO: 2/2 source files have been analyzed
INFO: Sensor TextAndSecretsSensor [text] (done) | time=765ms
INFO: Sensor VB.NET Project Type Information [vbnet]
INFO: Sensor VB.NET Project Type Information [vbnet] (done) | time=1ms
INFO: Sensor VB.NET Analysis Log [vbnet]
INFO: Sensor VB.NET Analysis Log [vbnet] (done) | time=31ms
INFO: Sensor VB.NET Properties [vbnet]
INFO: Sensor VB.NET Properties [vbnet] (done) | time=0ms
INFO: Sensor IaC Docker Sensor [iac]
INFO: 1 source file to be analyzed
INFO: 1/1 source file has been analyzed
INFO: Sensor IaC Docker Sensor [iac] (done) | time=311ms
INFO: Sensor Serverless configuration file sensor [security]
INFO: 0 Serverless function entries were found in the project
INFO: 0 Serverless function handlers were kept as entrypoints
INFO: Sensor Serverless configuration file sensor [security] (done) | time=6ms
INFO: Sensor AWS SAM template file sensor [security]
INFO: Sensor AWS SAM template file sensor [security] (done) | time=2ms
INFO: Sensor AWS SAM Inline template file sensor [security]
INFO: Sensor AWS SAM Inline template file sensor [security] (done) | time=2ms
INFO: Sensor javabugs [dbd]
INFO: Reading IR files from: /var/jenkins_home/workspace/probar/.scannerwork/ir/java
INFO: No IR files have been included for analysis.
INFO: Sensor javabugs [dbd] (done) | time=3ms
INFO: Sensor pythonbugs [dbd]
INFO: Reading IR files from: /var/jenkins_home/workspace/probar/.scannerwork/ir/python
INFO: No IR files have been included for analysis.
INFO: Sensor pythonbugs [dbd] (done) | time=6ms
INFO: Sensor JavaSecuritySensor [security]
INFO: Enabled taint analysis rules: S2076, S2078, S2083, S2091, S2631, S3649, S5131, S5135, S5144, S5145, S5146, S5147, S5334, S5883, S6096, S6173, S6287, S6350, S6384, S6390, S6398, S6399, S6547, S6549
INFO: Load type hierarchy and UCFGs: Starting
INFO: Load type hierarchy: Starting
INFO: Reading type hierarchy from: /var/jenkins_home/workspace/probar/.scannerwork/ucfg2/java
INFO: Read 0 type definitions
INFO: Load type hierarchy: Time spent was 00:00:00.003
INFO: Load UCFGs: Starting
INFO: Load UCFGs: Time spent was 00:00:00.000
INFO: Load type hierarchy and UCFGs: Time spent was 00:00:00.004
INFO: No UCFGs have been included for analysis.
INFO: java security sensor: Time spent was 00:00:00.009
INFO: Sensor JavaSecuritySensor [security] (done) | time=29ms
INFO: Sensor CSharpSecuritySensor [security]
INFO: Enabled taint analysis rules: S2076, S2078, S2083, S2091, S2631, S3649, S5131, S5135, S5144, S5145, S5146, S5334, S5883, S6096, S6173, S6287, S6350, S6399, S6639, S6641
INFO: Load type hierarchy and UCFGs: Starting
INFO: Load type hierarchy: Starting
INFO: Reading type hierarchy from: /var/jenkins_home/workspace/probar/ucfg2/cs
INFO: Read 0 type definitions
INFO: Load type hierarchy: Time spent was 00:00:00.000
INFO: Load UCFGs: Starting
INFO: Load UCFGs: Time spent was 00:00:00.000
INFO: Load type hierarchy and UCFGs: Time spent was 00:00:00.000
INFO: No UCFGs have been included for analysis.
INFO: csharp security sensor: Time spent was 00:00:00.001
INFO: Sensor CSharpSecuritySensor [security] (done) | time=2ms
INFO: Sensor PhpSecuritySensor [security]
INFO: Enabled taint analysis rules: S2076, S2078, S2083, S2091, S2631, S3649, S5131, S5135, S5144, S5145, S5146, S5334, S5335, S5883, S6173, S6287, S6350
INFO: Load type hierarchy and UCFGs: Starting
INFO: Load type hierarchy: Starting
INFO: Reading type hierarchy from: /var/jenkins_home/workspace/probar/.scannerwork/ucfg2/php
INFO: Read 0 type definitions
INFO: Load type hierarchy: Time spent was 00:00:00.000
INFO: Load UCFGs: Starting
INFO: Load UCFGs: Time spent was 00:00:00.000
INFO: Load type hierarchy and UCFGs: Time spent was 00:00:00.000
INFO: No UCFGs have been included for analysis.
INFO: php security sensor: Time spent was 00:00:00.000
INFO: Sensor PhpSecuritySensor [security] (done) | time=2ms
INFO: Sensor PythonSecuritySensor [security]
INFO: Enabled taint analysis rules: S2076, S2078, S2083, S2091, S2631, S3649, S5131, S5135, S5144, S5145, S5146, S5147, S5334, S5496, S6287, S6350
INFO: Load type hierarchy and UCFGs: Starting
INFO: Load type hierarchy: Starting
INFO: Reading type hierarchy from: /var/jenkins_home/workspace/probar/.scannerwork/ucfg2/python
INFO: Read 127 type definitions
INFO: Load type hierarchy: Time spent was 00:00:00.076
INFO: Load UCFGs: Starting
INFO: Reading UCFGs from: /var/jenkins_home/workspace/probar/.scannerwork/ucfg2/python
INFO: Load UCFGs: Time spent was 00:00:00.267
INFO: Load type hierarchy and UCFGs: Time spent was 00:00:00.345
INFO: Analyzing 551 UCFGs to detect vulnerabilities.
INFO: Check cache: Starting
INFO: Load cache: Starting
INFO: Load cache: Time spent was 00:00:00.000
INFO: Check cache: Time spent was 00:00:00.000
INFO: Create runtime call graph: Starting
INFO: Variable Type Analysis #1: Starting
INFO: Create runtime type propagation graph: Starting
INFO: Create runtime type propagation graph: Time spent was 00:00:00.018
INFO: Run SCC (Tarjan) on 1132 nodes: Starting
INFO: Run SCC (Tarjan) on 1132 nodes: Time spent was 00:00:00.007
INFO: Tarjan found 1132 strongly connected components
INFO: Propagate runtime types to strongly connected components: Starting
INFO: Propagate runtime types to strongly connected components: Time spent was 00:00:00.011
INFO: Variable Type Analysis #1: Time spent was 00:00:00.040
INFO: Variable Type Analysis #2: Starting
INFO: Create runtime type propagation graph: Starting
INFO: Create runtime type propagation graph: Time spent was 00:00:00.005
INFO: Run SCC (Tarjan) on 1130 nodes: Starting
INFO: Run SCC (Tarjan) on 1130 nodes: Time spent was 00:00:00.001
INFO: Tarjan found 1130 strongly connected components
INFO: Propagate runtime types to strongly connected components: Starting
INFO: Propagate runtime types to strongly connected components: Time spent was 00:00:00.004
INFO: Variable Type Analysis #2: Time spent was 00:00:00.012
INFO: Create runtime call graph: Time spent was 00:00:00.058
INFO: Load config: Starting
INFO: Load config: Time spent was 00:00:00.206
INFO: Compute entry points: Starting
INFO: Compute entry points: Time spent was 00:00:00.034
INFO: No entry points found.
INFO: python security sensor: Time spent was 00:00:00.646
INFO: python security sensor: Begin: 2023-11-09T21:46:29.960731400Z, End: 2023-11-09T21:46:30.607317300Z, Duration: 00:00:00.646
  Load type hierarchy and UCFGs: Begin: 2023-11-09T21:46:29.960892500Z, End: 2023-11-09T21:46:30.305953300Z, Duration: 00:00:00.345
    Load type hierarchy: Begin: 2023-11-09T21:46:29.960925200Z, End: 2023-11-09T21:46:30.037655600Z, Duration: 00:00:00.076
    Load UCFGs: Begin: 2023-11-09T21:46:30.037962700Z, End: 2023-11-09T21:46:30.305663600Z, Duration: 00:00:00.267
  Check cache: Begin: 2023-11-09T21:46:30.306126900Z, End: 2023-11-09T21:46:30.306873900Z, Duration: 00:00:00.000
    Load cache: Begin: 2023-11-09T21:46:30.306167700Z, End: 2023-11-09T21:46:30.306232400Z, Duration: 00:00:00.000
  Create runtime call graph: Begin: 2023-11-09T21:46:30.307030100Z, End: 2023-11-09T21:46:30.365271500Z, Duration: 00:00:00.058
    Variable Type Analysis #1: Begin: 2023-11-09T21:46:30.308061500Z, End: 2023-11-09T21:46:30.348719500Z, Duration: 00:00:00.040
      Create runtime type propagation graph: Begin: 2023-11-09T21:46:30.309287900Z, End: 2023-11-09T21:46:30.327889900Z, Duration: 00:00:00.018
      Run SCC (Tarjan) on 1132 nodes: Begin: 2023-11-09T21:46:30.328492400Z, End: 2023-11-09T21:46:30.336308900Z, Duration: 00:00:00.007
      Propagate runtime types to strongly connected components: Begin: 2023-11-09T21:46:30.336698100Z, End: 2023-11-09T21:46:30.348283400Z, Duration: 00:00:00.011
    Variable Type Analysis #2: Begin: 2023-11-09T21:46:30.350762400Z, End: 2023-11-09T21:46:30.362865200Z, Duration: 00:00:00.012
      Create runtime type propagation graph: Begin: 2023-11-09T21:46:30.350914400Z, End: 2023-11-09T21:46:30.356218Z, Duration: 00:00:00.005
      Run SCC (Tarjan) on 1130 nodes: Begin: 2023-11-09T21:46:30.356471Z, End: 2023-11-09T21:46:30.357549100Z, Duration: 00:00:00.001
      Propagate runtime types to strongly connected components: Begin: 2023-11-09T21:46:30.357793Z, End: 2023-11-09T21:46:30.362436700Z, Duration: 00:00:00.004
  Load config: Begin: 2023-11-09T21:46:30.365706400Z, End: 2023-11-09T21:46:30.572062300Z, Duration: 00:00:00.206
  Compute entry points: Begin: 2023-11-09T21:46:30.572372200Z, End: 2023-11-09T21:46:30.606765Z, Duration: 00:00:00.034
INFO: python security sensor peak memory: 86 MB
INFO: Sensor PythonSecuritySensor [security] (done) | time=652ms
INFO: Sensor JsSecuritySensor [security]
INFO: Enabled taint analysis rules: S6096, S5131, S5147, S2631, S5146, S5334, S6105, S3649, S5144, S2076, S2083, S5883, S6287, S5696, S6350
INFO: Load type hierarchy and UCFGs: Starting
INFO: Load type hierarchy: Starting
INFO: Reading type hierarchy from: /var/jenkins_home/workspace/probar/.scannerwork/ucfg2/js
INFO: Read 0 type definitions
INFO: Load type hierarchy: Time spent was 00:00:00.000
INFO: Load UCFGs: Starting
INFO: Load UCFGs: Time spent was 00:00:00.000
INFO: Load type hierarchy and UCFGs: Time spent was 00:00:00.000
INFO: No UCFGs have been included for analysis.
INFO: js security sensor: Time spent was 00:00:00.001
INFO: Sensor JsSecuritySensor [security] (done) | time=2ms
INFO: ------------- Run sensors on project
INFO: Sensor Analysis Warnings import [csharp]
INFO: Sensor Analysis Warnings import [csharp] (done) | time=1ms
INFO: Sensor Zero Coverage Sensor
INFO: Sensor Zero Coverage Sensor (done) | time=16ms
INFO: CPD Executor 1 file had no CPD blocks
INFO: CPD Executor Calculating CPD for 0 files
INFO: CPD Executor CPD calculation finished (done) | time=0ms
INFO: Analysis report generated in 283ms, dir size=229 KB
INFO: Analysis report compressed in 34ms, zip size=47 KB
INFO: Analysis report uploaded in 3472ms
INFO: ANALYSIS SUCCESSFUL, you can find the results at: https://sonarcloud.io/dashboard?id=vidd1992_tipti-dev
INFO: Note that you will be able to access the updated dashboard once the server has processed the submitted analysis report
INFO: More about the report processing at https://sonarcloud.io/api/ce/task?id=AYu2DRyrtafkPhUoGXZB
INFO: Sensor cache published successfully
INFO: Analysis total time: 49.191 s
INFO: ------------------------------------------------------------------------
INFO: EXECUTION SUCCESS
INFO: ------------------------------------------------------------------------
INFO: Total time: 57.695s
INFO: Final Memory: 26M/90M
INFO: ------------------------------------------------------------------------
[Pipeline] }
[Pipeline] // withSonarQubeEnv
[Pipeline] }
[Pipeline] // script
[Pipeline] }
[Pipeline] // stage
[Pipeline] stage
[Pipeline] { (Backup)
[Pipeline] echo
Creating backup...
[Pipeline] sh
+ tar czf build_backup.tar.gz build_output.txt
[Pipeline] }
[Pipeline] // stage
[Pipeline] stage
[Pipeline] { (Deploy docker)
[Pipeline] echo
Deploy docker
[Pipeline] }
[Pipeline] // stage
[Pipeline] stage
[Pipeline] { (Deploy to Heroku)
[Pipeline] echo
Deploy Heroku
[Pipeline] }
[Pipeline] // stage
[Pipeline] }
[Pipeline] // withEnv
[Pipeline] }
[Pipeline] // node
[Pipeline] End of Pipeline
Also:   org.jenkinsci.plugins.workflow.actions.ErrorAction$ErrorId: 14b44045-dcc8-4918-845f-50b9e35011f9
java.lang.NoSuchMethodError: No such DSL method 'post' found among steps [archive, bat, build, catchError, checkout, deleteDir, dir, dockerFingerprintFrom, dockerFingerprintRun, echo, emailext, emailextrecipients, envVarsForTool, error, fileExists, findBuildScans, getContext, git, input, isUnix, junit, library, libraryResource, load, mail, milestone, node, parallel, powershell, properties, publishChecks, pwd, pwsh, readFile, readTrusted, resolveScm, retry, script, sh, sleep, stage, stash, step, timeout, timestamps, tm, tool, unarchive, unstable, unstash, validateDeclarativePipeline, waitForBuild, waitForQualityGate, waitUntil, warnError, withChecks, withContext, withCredentials, withDockerContainer, withDockerRegistry, withDockerServer, withEnv, withGradle, wrap, writeFile, ws] or symbols [GitUsernamePassword, agent, all, allBranchesSame, allOf, always, ant, antFromApache, antOutcome, antTarget, any, anyOf, apiToken, apiTokenProperty, architecture, archiveArtifacts, artifactManager, assembla, authorInChangelog, authorizationMatrix, batchFile, bitbucket, bitbucketServer, booleanParam, branch, brokenBuildSuspects, brokenTestsSuspects, browser, buildButton, buildDiscarder, buildDiscarders, buildRetention, buildSingleRevisionOnly, buildUser, buildingTag, builtInNode, caseInsensitive, caseSensitive, certificate, cgit, changeRequest, changelog, changelogBase, changelogToBranch, changeset, checkoutOption, checkoutToSubdirectory, choice, choiceParam, cleanAfterCheckout, cleanBeforeCheckout, cleanWs, clock, cloneOption, command, contributor, credentials, cron, crumb, culprits, defaultDisplayUrlProvider, defaultFolderConfiguration, defaultView, demand, developers, disableConcurrentBuilds, disableRestartFromStage, disableResume, discoverOtherRefs, discoverOtherRefsTrait, docker, dockerCert, dockerServer, dockerTool, dockerfile, downstream, dumb, durabilityHint, email-ext, envVars, envVarsFilter, environment, equals, experimentalFlags, expression, extendedEmailPublisher, file, fileParam, filePath, fingerprint, fingerprints, fisheye, frameOptions, freeStyle, freeStyleJob, fromDocker, fromScm, fromSource, git, gitBranchDiscovery, gitHooks, gitHubBranchDiscovery, gitHubBranchHeadAuthority, gitHubExcludeArchivedRepositories, gitHubExcludeForkedRepositories, gitHubExcludePrivateRepositories, gitHubExcludePublicRepositories, gitHubForkDiscovery, gitHubIgnoreDraftPullRequestFilter, gitHubPullRequestDiscovery, gitHubSshCheckout, gitHubTagDiscovery, gitHubTopicsFilter, gitHubTrustContributors, gitHubTrustEveryone, gitHubTrustNobody, gitHubTrustPermissions, gitLab, gitList, gitSCM, gitTagDiscovery, gitTool, gitUsernamePassword, gitWeb, gitblit, github, githubProjectProperty, githubPush, gitiles, gogs, gradle, group, headRegexFilter, headWildcardFilter, hyperlink, hyperlinkToModels, ignoreOnPush, inbound, inheriting, inheritingGlobal, installSource, isRestartedRun, jdk, jgit, jgitapache, jnlp, jobBuildDiscarder, jobName, junitTestResultStorage, kiln, label, lastDuration, lastFailure, lastGrantedAuthorities, lastStable, lastSuccess, legacy, legacySCM, lfs, list, local, localBranch, localBranchTrait, location, logRotator, loggedInUsersCanDoAnything, mailer, masterBuild, maven, maven3Mojos, mavenErrors, mavenGlobalConfig, mavenMojos, mavenWarnings, modernSCM, multiBranchProjectDisplayNaming, multibranch, myView, namedBranchesDifferent, newContainerPerStage, node, nodeProperties, nonInheriting, none, nonresumable, not, organizationFolder, overrideIndexTriggers, paneStatus, parallelsAlwaysFailFast, parameters, password, pattern, perBuildTag, permanent, phabricator, pipeline, pipeline-model, pipeline-model-docker, pipelineTriggers, plainText, plugin, pollSCM, preserveStashes, previous, projectNamingStrategy, proxy, pruneStaleBranch, pruneStaleTag, pruneTags, queueItemAuthenticator, quietPeriod, rateLimit, rateLimitBuilds, recipients, redmine, refSpecs, remoteName, requestor, resourceRoot, retainOnlyVariables, rhodeCode, run, runParam, sSHLauncher, schedule, scmGit, scmRetryCount, scriptApproval, scriptApprovalLink, search, security, shell, simpleBuildDiscarder, skipDefaultCheckout, skipStagesAfterUnstable, slave, sourceRegexFilter, sourceWildcardFilter, sparseCheckoutPaths, ssh, sshUserPrivateKey, standard, status, string, stringParam, submodule, submoduleOption, suppressAutomaticTriggering, suppressFolderAutomaticTriggering, swapSpace, tag, teamFoundation, teamSlugFilter, text, textParam, timestamper, timestamperConfig, timezone, tmpSpace, toolLocation, triggeredBy, unsecured, untrusted, upstream, upstreamDevelopers, user, userIdentity, userOrGroup, userSeed, usernameColonPassword, usernamePassword, viewgit, viewsTabBar, weather, withAnt, withSonarQubeEnv, x509ClientCert, zip] or globals [currentBuild, docker, env, params, pipeline, scm]
	at org.jenkinsci.plugins.workflow.cps.DSL.invokeMethod(DSL.java:219)
	at org.jenkinsci.plugins.workflow.cps.CpsScript.invokeMethod(CpsScript.java:124)
	at java.base/jdk.internal.reflect.NativeMethodAccessorImpl.invoke0(Native Method)
	at java.base/jdk.internal.reflect.NativeMethodAccessorImpl.invoke(NativeMethodAccessorImpl.java:77)
	at java.base/jdk.internal.reflect.DelegatingMethodAccessorImpl.invoke(DelegatingMethodAccessorImpl.java:43)
	at java.base/java.lang.reflect.Method.invoke(Method.java:568)
	at org.codehaus.groovy.reflection.CachedMethod.invoke(CachedMethod.java:98)
	at groovy.lang.MetaMethod.doMethodInvoke(MetaMethod.java:325)
	at groovy.lang.MetaClassImpl.invokeMethod(MetaClassImpl.java:1225)
	at groovy.lang.MetaClassImpl.invokeMethod(MetaClassImpl.java:1034)
	at org.codehaus.groovy.runtime.callsite.PogoMetaClassSite.call(PogoMetaClassSite.java:41)
	at org.codehaus.groovy.runtime.callsite.CallSiteArray.defaultCall(CallSiteArray.java:47)
	at org.codehaus.groovy.runtime.callsite.AbstractCallSite.call(AbstractCallSite.java:116)
	at org.kohsuke.groovy.sandbox.impl.Checker$1.call(Checker.java:180)
	at org.kohsuke.groovy.sandbox.GroovyInterceptor.onMethodCall(GroovyInterceptor.java:23)
	at org.jenkinsci.plugins.scriptsecurity.sandbox.groovy.SandboxInterceptor.onMethodCall(SandboxInterceptor.java:163)
	at org.jenkinsci.plugins.scriptsecurity.sandbox.groovy.SandboxInterceptor.onMethodCall(SandboxInterceptor.java:148)
	at org.kohsuke.groovy.sandbox.impl.Checker$1.call(Checker.java:178)
	at org.kohsuke.groovy.sandbox.impl.Checker.checkedCall(Checker.java:182)
	at com.cloudbees.groovy.cps.sandbox.SandboxInvoker.methodCall(SandboxInvoker.java:17)
	at org.jenkinsci.plugins.workflow.cps.LoggingInvoker.methodCall(LoggingInvoker.java:105)
	at WorkflowScript.run(WorkflowScript:75)
	at ___cps.transform___(Native Method)
	at com.cloudbees.groovy.cps.impl.ContinuationGroup.methodCall(ContinuationGroup.java:90)
	at com.cloudbees.groovy.cps.impl.FunctionCallBlock$ContinuationImpl.dispatchOrArg(FunctionCallBlock.java:116)
	at com.cloudbees.groovy.cps.impl.FunctionCallBlock$ContinuationImpl.fixArg(FunctionCallBlock.java:85)
	at jdk.internal.reflect.GeneratedMethodAccessor82.invoke(Unknown Source)
	at java.base/jdk.internal.reflect.DelegatingMethodAccessorImpl.invoke(DelegatingMethodAccessorImpl.java:43)
	at java.base/java.lang.reflect.Method.invoke(Method.java:568)
	at com.cloudbees.groovy.cps.impl.ContinuationPtr$ContinuationImpl.receive(ContinuationPtr.java:72)
	at com.cloudbees.groovy.cps.impl.ClosureBlock.eval(ClosureBlock.java:46)
	at com.cloudbees.groovy.cps.Next.step(Next.java:83)
	at com.cloudbees.groovy.cps.Continuable$1.call(Continuable.java:152)
	at com.cloudbees.groovy.cps.Continuable$1.call(Continuable.java:146)
	at org.codehaus.groovy.runtime.GroovyCategorySupport$ThreadCategoryInfo.use(GroovyCategorySupport.java:136)
	at org.codehaus.groovy.runtime.GroovyCategorySupport.use(GroovyCategorySupport.java:275)
	at com.cloudbees.groovy.cps.Continuable.run0(Continuable.java:146)
	at org.jenkinsci.plugins.workflow.cps.SandboxContinuable.access$001(SandboxContinuable.java:18)
	at org.jenkinsci.plugins.workflow.cps.SandboxContinuable.run0(SandboxContinuable.java:51)
	at org.jenkinsci.plugins.workflow.cps.CpsThread.runNextChunk(CpsThread.java:187)
	at org.jenkinsci.plugins.workflow.cps.CpsThreadGroup.run(CpsThreadGroup.java:423)
	at org.jenkinsci.plugins.workflow.cps.CpsThreadGroup$2.call(CpsThreadGroup.java:331)
	at org.jenkinsci.plugins.workflow.cps.CpsThreadGroup$2.call(CpsThreadGroup.java:295)
	at org.jenkinsci.plugins.workflow.cps.CpsVmExecutorService$2.call(CpsVmExecutorService.java:97)
	at java.base/java.util.concurrent.FutureTask.run(FutureTask.java:264)
	at hudson.remoting.SingleLaneExecutorService$1.run(SingleLaneExecutorService.java:139)
	at jenkins.util.ContextResettingExecutorService$1.run(ContextResettingExecutorService.java:28)
	at jenkins.security.ImpersonatingExecutorService$1.run(ImpersonatingExecutorService.java:68)
	at jenkins.util.ErrorLoggingExecutorService.lambda$wrap$0(ErrorLoggingExecutorService.java:51)
	at java.base/java.util.concurrent.Executors$RunnableAdapter.call(Executors.java:539)
	at java.base/java.util.concurrent.FutureTask.run(FutureTask.java:264)
	at java.base/java.util.concurrent.ThreadPoolExecutor.runWorker(ThreadPoolExecutor.java:1136)
	at java.base/java.util.concurrent.ThreadPoolExecutor$Worker.run(ThreadPoolExecutor.java:635)
	at java.base/java.lang.Thread.run(Thread.java:833)
Finished: FAILURE
